\BOOKMARK [1][-]{section.1}{Package overview}{}% 1
\BOOKMARK [2][-]{subsection.1.1}{Background}{section.1}% 2
\BOOKMARK [2][-]{subsection.1.2}{dcip2d v5.0 capabilities and limitations}{section.1}% 3
\BOOKMARK [2][-]{subsection.1.3}{dcip2d program library content}{section.1}% 4
\BOOKMARK [1][-]{section.2}{Background theory}{}% 5
\BOOKMARK [2][-]{subsection.2.1}{Introduction}{section.2}% 6
\BOOKMARK [2][-]{subsection.2.2}{Forward modelling}{section.2}% 7
\BOOKMARK [2][-]{subsection.2.3}{General inversion methodology}{section.2}% 8
\BOOKMARK [2][-]{subsection.2.4}{Inversion of DC data}{section.2}% 9
\BOOKMARK [2][-]{subsection.2.5}{Inversion of IP data}{section.2}% 10
\BOOKMARK [1][-]{section.3}{Elements of the program DCIP2D}{}% 11
\BOOKMARK [2][-]{subsection.3.1}{Introduction}{section.3}% 12
\BOOKMARK [2][-]{subsection.3.2}{General files for dcip2d v5.0 programs}{section.3}% 13
\BOOKMARK [1][-]{section.4}{Running the programs}{}% 14
\BOOKMARK [2][-]{subsection.4.1}{Introduction}{section.4}% 15
\BOOKMARK [2][-]{subsection.4.2}{DCIPF2D}{section.4}% 16
\BOOKMARK [2][-]{subsection.4.3}{DCINV2D}{section.4}% 17
\BOOKMARK [2][-]{subsection.4.4}{IPINV2D}{section.4}% 18
\BOOKMARK [1][-]{section.5}{Workflow}{}% 19
\BOOKMARK [2][-]{subsection.5.1}{Understanding the data}{section.5}% 20
\BOOKMARK [2][-]{subsection.5.2}{Accumulating prior information; building a reference model}{section.5}% 21
\BOOKMARK [2][-]{subsection.5.3}{Discretizing the Earth}{section.5}% 22
\BOOKMARK [2][-]{subsection.5.4}{Assigning uncertainties}{section.5}% 23
\BOOKMARK [2][-]{subsection.5.5}{Selection of model objective function}{section.5}% 24
\BOOKMARK [2][-]{subsection.5.6}{Evaluation of the results}{section.5}% 25
\BOOKMARK [1][-]{section.6}{Examples}{}% 26
\BOOKMARK [2][-]{subsection.6.1}{Forward modelling}{section.6}% 27
\BOOKMARK [2][-]{subsection.6.2}{DC Inversion of the forward model}{section.6}% 28
\BOOKMARK [2][-]{subsection.6.3}{IP Inversion of the forward model}{section.6}% 29
\BOOKMARK [2][-]{subsection.6.4}{Large data set example}{section.6}% 30
\BOOKMARK [2][-]{subsection.6.5}{Borehole examples}{section.6}% 31
\BOOKMARK [2][-]{subsection.6.6}{Field example}{section.6}% 32
\BOOKMARK [1][-]{section.7}{References}{}% 33
