This is LuaTeX, Version beta-0.80.0 (MiKTeX 2.9 64-bit) (rev 5238)  (format=lualatex 2016.5.12)  2 AUG 2016 11:12
**dcip2d_manual.tex
(./dcip2d_manual.tex
LaTeX2e <2015/01/01> patch level 2
Babel <3.9m> and hyphenation patterns for 69 languages loaded.
(D:/Kris/LaTeXfiles/tex/latex/GIFmanual/GIFmanual.cls
Document Class: GIFmanual 
("C:/Program Files/MiKTeX 2.9/tex/latex/base/article.cls"
Document Class: article 2014/09/29 v1.4h Standard LaTeX document class
("C:/Program Files/MiKTeX 2.9/tex/latex/base/size11.clo"
File: size11.clo 2014/09/29 v1.4h Standard LaTeX file (size option)
)
\c@part=\count79
\c@section=\count80
\c@subsection=\count81
\c@subsubsection=\count82
\c@paragraph=\count83
\c@subparagraph=\count84
\c@figure=\count85
\c@table=\count86
\abovecaptionskip=\skip41
\belowcaptionskip=\skip42
\bibindent=\dimen102
)
("C:/Program Files/MiKTeX 2.9/tex/latex/preprint/fullpage.sty"
Package: fullpage 1999/02/23 1.1 (PWD)
\FP@margin=\skip43
)
("C:/Program Files/MiKTeX 2.9/tex/latex/tools/bm.sty"
Package: bm 2014/10/28 v1.1c Bold Symbol Support (DPC/FMi)
\symboldoperators=\mathgroup4
\symboldletters=\mathgroup5
\symboldsymbols=\mathgroup6
LaTeX Font Info:    Redeclaring math alphabet \mathbf on input line 141.
LaTeX Info: Redefining \bm on input line 207.
)
("C:/Program Files/MiKTeX 2.9/tex/latex/amsmath/amsmath.sty"
Package: amsmath 2013/01/14 v2.14 AMS math features
\@mathmargin=\skip44

For additional information on amsmath, use the `?' option.
("C:/Program Files/MiKTeX 2.9/tex/latex/amsmath/amstext.sty"
Package: amstext 2000/06/29 v2.01

("C:/Program Files/MiKTeX 2.9/tex/latex/amsmath/amsgen.sty"
File: amsgen.sty 1999/11/30 v2.0
\@emptytoks=\toks14
\ex@=\dimen103
))
("C:/Program Files/MiKTeX 2.9/tex/latex/amsmath/amsbsy.sty"
Package: amsbsy 1999/11/29 v1.2d
LaTeX Info: Redefining \boldsymbol on input line 39.
\pmbraise@=\dimen104
)
("C:/Program Files/MiKTeX 2.9/tex/latex/amsmath/amsopn.sty"
Package: amsopn 1999/12/14 v2.01 operator names
)
\inf@bad=\count87
LaTeX Info: Redefining \frac on input line 210.
\uproot@=\count88
\leftroot@=\count89
LaTeX Info: Redefining \overline on input line 306.
\classnum@=\count90
\DOTSCASE@=\count91
LaTeX Info: Redefining \ldots on input line 378.
LaTeX Info: Redefining \dots on input line 381.
LaTeX Info: Redefining \cdots on input line 466.
\Mathstrutbox@=\box26
\strutbox@=\box27
\big@size=\dimen105
LaTeX Font Info:    Redeclaring font encoding OML on input line 566.
LaTeX Font Info:    Redeclaring font encoding OMS on input line 567.
\macc@depth=\count92
\c@MaxMatrixCols=\count93
\dotsspace@=\muskip10
\c@parentequation=\count94
\dspbrk@lvl=\count95
\tag@help=\toks15
\row@=\count96
\column@=\count97
\maxfields@=\count98
\andhelp@=\toks16
\eqnshift@=\dimen106
\alignsep@=\dimen107
\tagshift@=\dimen108
\tagwidth@=\dimen109
\totwidth@=\dimen110
\lineht@=\dimen111
\@envbody=\toks17
\multlinegap=\skip45
\multlinetaggap=\skip46
\mathdisplay@stack=\toks18
LaTeX Info: Redefining \[ on input line 2665.
LaTeX Info: Redefining \] on input line 2666.
)
("C:/Program Files/MiKTeX 2.9/tex/latex/graphics/graphicx.sty"
Package: graphicx 2014/10/28 v1.0g Enhanced LaTeX Graphics (DPC,SPQR)

("C:/Program Files/MiKTeX 2.9/tex/latex/graphics/keyval.sty"
Package: keyval 2014/10/28 v1.15 key=value parser (DPC)
\KV@toks@=\toks19
)
("C:/Program Files/MiKTeX 2.9/tex/latex/graphics/graphics.sty"
Package: graphics 2014/10/28 v1.0p Standard LaTeX Graphics (DPC,SPQR)

("C:/Program Files/MiKTeX 2.9/tex/latex/graphics/trig.sty"
Package: trig 1999/03/16 v1.09 sin cos tan (DPC)
)
("C:/Program Files/MiKTeX 2.9/tex/latex/00miktex/graphics.cfg"
File: graphics.cfg 2007/01/18 v1.5 graphics configuration of teTeX/TeXLive
)
Package graphics Info: Driver file: pdftex.def on input line 94.

("C:/Program Files/MiKTeX 2.9/tex/latex/pdftex-def/pdftex.def"
File: pdftex.def 2011/05/27 v0.06d Graphics/color for pdfTeX

("C:/Program Files/MiKTeX 2.9/tex/generic/oberdiek/infwarerr.sty"
Package: infwarerr 2010/04/08 v1.3 Providing info/warning/error messages (HO)
)
("C:/Program Files/MiKTeX 2.9/tex/generic/oberdiek/ltxcmds.sty"
Package: ltxcmds 2011/11/09 v1.22 LaTeX kernel commands for general use (HO)
)
\Gread@gobject=\count99
))
\Gin@req@height=\dimen112
\Gin@req@width=\dimen113
)
("C:/Program Files/MiKTeX 2.9/tex/latex/natbib/natbib.sty"
Package: natbib 2010/09/13 8.31b (PWD, AO)
\bibhang=\skip47
\bibsep=\skip48
LaTeX Info: Redefining \cite on input line 694.
\c@NAT@ctr=\count100
)
("C:/Program Files/MiKTeX 2.9/tex/latex/graphics/color.sty"
Package: color 2014/10/28 v1.1a Standard LaTeX Color (DPC)

("C:/Program Files/MiKTeX 2.9/tex/latex/00miktex/color.cfg"
File: color.cfg 2007/01/18 v1.5 color configuration of teTeX/TeXLive
)
Package color Info: Driver file: pdftex.def on input line 142.
)
("C:/Program Files/MiKTeX 2.9/tex/latex/subfig/subfig.sty"
Package: subfig 2005/06/28 ver: 1.3 subfig package

("C:/Program Files/MiKTeX 2.9/tex/latex/caption/caption.sty"
Package: caption 2015/09/17 v3.3-111 Customizing captions (AR)

("C:/Program Files/MiKTeX 2.9/tex/latex/caption/caption3.sty"
Package: caption3 2015/09/20 v1.7-115 caption3 kernel (AR)
Package caption3 Info: TeX engine: e-TeX on input line 57.
\captionmargin=\dimen114
\captionmargin@=\dimen115
\captionwidth=\dimen116
\caption@tempdima=\dimen117
\caption@indent=\dimen118
\caption@parindent=\dimen119
\caption@hangindent=\dimen120
)
\c@ContinuedFloat=\count101
)
\c@KVtest=\count102
\sf@farskip=\skip49
\sf@captopadj=\dimen121
\sf@capskip=\skip50
\sf@nearskip=\skip51
\c@subfigure=\count103
\c@subfigure@save=\count104
\c@lofdepth=\count105
\c@subtable=\count106
\c@subtable@save=\count107
\c@lotdepth=\count108
\sf@top=\skip52
\sf@bottom=\skip53
)
("C:/Program Files/MiKTeX 2.9/tex/latex/etoolbox/etoolbox.sty"
Package: etoolbox 2015/08/02 v2.2a e-TeX tools for LaTeX (JAW)
\etb@tempcnta=\count109
)
("C:/Program Files/MiKTeX 2.9/tex/latex/hyperref/hyperref.sty"
Package: hyperref 2012/11/06 v6.83m Hypertext links for LaTeX

("C:/Program Files/MiKTeX 2.9/tex/generic/oberdiek/hobsub-hyperref.sty"
Package: hobsub-hyperref 2012/04/25 v1.12 Bundle oberdiek, subset hyperref (HO)

("C:/Program Files/MiKTeX 2.9/tex/generic/oberdiek/hobsub-generic.sty"
Package: hobsub-generic 2012/04/25 v1.12 Bundle oberdiek, subset generic (HO)
Package: hobsub 2012/04/25 v1.12 Construct package bundles (HO)
Package hobsub Info: Skipping package `infwarerr' (already loaded).
Package hobsub Info: Skipping package `ltxcmds' (already loaded).
Package: ifluatex 2010/03/01 v1.3 Provides the ifluatex switch (HO)
Package ifluatex Info: LuaTeX detected.
Package: ifvtex 2010/03/01 v1.5 Detect VTeX and its facilities (HO)
Package ifvtex Info: VTeX not detected.
Package: intcalc 2007/09/27 v1.1 Expandable calculations with integers (HO)
Package: ifpdf 2011/01/30 v2.3 Provides the ifpdf switch (HO)
Package ifpdf Info: pdfTeX in PDF mode is detected.
Package: etexcmds 2011/02/16 v1.5 Avoid name clashes with e-TeX commands (HO)
Package: kvsetkeys 2012/04/25 v1.16 Key value parser (HO)
Package: kvdefinekeys 2011/04/07 v1.3 Define keys (HO)
Package: luatex-loader 2010/03/09 v0.4 Lua module loader (HO)

(C:/Program Files/MiKTeX 2.9/scripts/oberdiek/oberdiek.luatex.lua)
Package: pdftexcmds 2011/11/29 v0.20 Utility functions of pdfTeX for LuaTeX (HO)

Package pdftexcmds Info: \pdf@primitive is available.
Package pdftexcmds Info: \pdf@ifprimitive is available.
Package pdftexcmds Info: \pdfdraftmode found.
\pdftexcmds@toks=\toks20
Package: pdfescape 2011/11/25 v1.13 Implements pdfTeX's escape features (HO)
Package: bigintcalc 2012/04/08 v1.3 Expandable calculations on big integers (HO)

Package: bitset 2011/01/30 v1.1 Handle bit-vector datatype (HO)
Package: uniquecounter 2011/01/30 v1.2 Provide unlimited unique counter (HO)
)
Package hobsub Info: Skipping package `hobsub' (already loaded).
Package: letltxmacro 2010/09/02 v1.4 Let assignment for LaTeX macros (HO)
Package: hopatch 2011/06/24 v1.1 Wrapper for package hooks (HO)
Package: xcolor-patch 2011/01/30 xcolor patch
Package: atveryend 2011/06/30 v1.8 Hooks at the very end of document (HO)
Package: atbegshi 2011/10/05 v1.16 At begin shipout hook (HO)
Package: refcount 2011/10/16 v3.4 Data extraction from label references (HO)
Package: hycolor 2011/01/30 v1.7 Color options for hyperref/bookmark (HO)
)
("C:/Program Files/MiKTeX 2.9/tex/generic/ifxetex/ifxetex.sty"
Package: ifxetex 2010/09/12 v0.6 Provides ifxetex conditional
)
("C:/Program Files/MiKTeX 2.9/tex/latex/oberdiek/auxhook.sty"
Package: auxhook 2011/03/04 v1.3 Hooks for auxiliary files (HO)
)
("C:/Program Files/MiKTeX 2.9/tex/latex/oberdiek/kvoptions.sty"
Package: kvoptions 2011/06/30 v3.11 Key value format for package options (HO)
)
\@linkdim=\dimen122
\Hy@linkcounter=\count110
\Hy@pagecounter=\count111

("C:/Program Files/MiKTeX 2.9/tex/latex/hyperref/pd1enc.def"
File: pd1enc.def 2012/11/06 v6.83m Hyperref: PDFDocEncoding definition (HO)
)
\Hy@SavedSpaceFactor=\count112

("C:/Program Files/MiKTeX 2.9/tex/latex/00miktex/hyperref.cfg"
File: hyperref.cfg 2002/06/06 v1.2 hyperref configuration of TeXLive
)
Package hyperref Info: Option `colorlinks' set `true' on input line 4319.
Package hyperref Info: Hyper figures OFF on input line 4443.
Package hyperref Info: Link nesting OFF on input line 4448.
Package hyperref Info: Hyper index ON on input line 4451.
Package hyperref Info: Plain pages OFF on input line 4458.
Package hyperref Info: Backreferencing OFF on input line 4463.
Package hyperref Info: Implicit mode ON; LaTeX internals redefined.
Package hyperref Info: Bookmarks ON on input line 4688.
\c@Hy@tempcnt=\count113

("C:/Program Files/MiKTeX 2.9/tex/latex/url/url.sty"
\Urlmuskip=\muskip11
Package: url 2013/09/16  ver 3.4  Verb mode for urls, etc.
)
LaTeX Info: Redefining \url on input line 5041.
\XeTeXLinkMargin=\dimen123
\Fld@menulength=\count114
\Field@Width=\dimen124
\Fld@charsize=\dimen125
Package hyperref Info: Hyper figures OFF on input line 6295.
Package hyperref Info: Link nesting OFF on input line 6300.
Package hyperref Info: Hyper index ON on input line 6303.
Package hyperref Info: backreferencing OFF on input line 6310.
Package hyperref Info: Link coloring ON on input line 6313.
Package hyperref Info: Link coloring with OCG OFF on input line 6320.
Package hyperref Info: PDF/A mode OFF on input line 6325.
LaTeX Info: Redefining \ref on input line 6365.
LaTeX Info: Redefining \pageref on input line 6369.
\Hy@abspage=\count115
\c@Item=\count116
\c@Hfootnote=\count117
)

Package hyperref Message: Driver (autodetected): hpdftex.

("C:/Program Files/MiKTeX 2.9/tex/latex/hyperref/hpdftex.def"
File: hpdftex.def 2012/11/06 v6.83m Hyperref driver for pdfTeX
\Fld@listcount=\count118
\c@bookmark@seq@number=\count119

("C:/Program Files/MiKTeX 2.9/tex/latex/oberdiek/rerunfilecheck.sty"
Package: rerunfilecheck 2011/04/15 v1.7 Rerun checks for auxiliary files (HO)
Package uniquecounter Info: New unique counter `rerunfilecheck' on input line 28
2.
)
\Hy@SectionHShift=\skip54
)
("C:/Program Files/MiKTeX 2.9/tex/latex/base/ifthen.sty"
Package: ifthen 2014/09/29 v1.1c Standard LaTeX ifthen package (DPC)
)
("C:/Program Files/MiKTeX 2.9/tex/latex/datetime/datetime.sty"
Package: datetime 2015/03/20 v2.60 Date Time Package

("C:/Program Files/MiKTeX 2.9/tex/latex/fmtcount/fmtcount.sty"
Package: fmtcount 2015/05/05 v3.01

("C:/Program Files/MiKTeX 2.9/tex/latex/xkeyval/xkeyval.sty"
Package: xkeyval 2014/12/03 v2.7a package option processing (HA)

("C:/Program Files/MiKTeX 2.9/tex/generic/xkeyval/xkeyval.tex"
("C:/Program Files/MiKTeX 2.9/tex/generic/xkeyval/xkvutils.tex"
\XKV@toks=\toks21
\XKV@tempa@toks=\toks22
)
\XKV@depth=\count120
File: xkeyval.tex 2014/12/03 v2.7a key=value parser (HA)
))
("C:/Program Files/MiKTeX 2.9/tex/latex/fmtcount/fcprefix.sty"
Package: fcprefix 2012/09/28

("C:/Program Files/MiKTeX 2.9/tex/latex/fmtcount/fcnumparser.sty"
Package: fcnumparser 2012/09/28
\fc@digit@counter=\count121
))
\c@padzeroesN=\count122
\fc@tmpcatcode=\count123
\@DT@modctr=\count124
\@ordinalctr=\count125
\@orgargctr=\count126
\@strctr=\count127
\@tmpstrctr=\count128
\@DT@loopN=\count129
\@DT@X=\count130

("C:/Program Files/MiKTeX 2.9/tex/latex/fmtcount/fc-english.def"
File: fc-english.def 2013/08/17
))
("C:/Program Files/MiKTeX 2.9/tex/latex/datetime/datetime-defaults.sty"
Package: datetime-defaults 2013/09/10
)
\@day=\count131
\@month=\count132
\@year=\count133
\c@HOUR=\count134
\c@HOURXII=\count135
\c@MINUTE=\count136
\c@TOHOUR=\count137
\c@TOMINUTE=\count138
\c@SECOND=\count139
\currenthour=\count140
\currentminute=\count141
\currentsecond=\count142
Package datetime Info: No datetime.cfg file found, using default settings on inp
ut line 308.
\@dtctr=\count143
\dayofyear=\count144
\dayofweek=\count145
LaTeX Info: Redefining \today on input line 736.
\dt@a=\toks23
\dt@b=\toks24
)
\c@lemma=\count146
\c@theorem=\count147
\c@proof=\count148
)
(./dcip2d_manual.aux)
\openout1 = dcip2d_manual.aux

LaTeX Font Info:    Checking defaults for OML/cmm/m/it on input line 17.
LaTeX Font Info:    ... okay on input line 17.
LaTeX Font Info:    Checking defaults for T1/cmr/m/n on input line 17.
LaTeX Font Info:    ... okay on input line 17.
LaTeX Font Info:    Checking defaults for OT1/cmr/m/n on input line 17.
LaTeX Font Info:    ... okay on input line 17.
LaTeX Font Info:    Checking defaults for OMS/cmsy/m/n on input line 17.
LaTeX Font Info:    ... okay on input line 17.
LaTeX Font Info:    Checking defaults for OMX/cmex/m/n on input line 17.
LaTeX Font Info:    ... okay on input line 17.
LaTeX Font Info:    Checking defaults for U/cmr/m/n on input line 17.
LaTeX Font Info:    ... okay on input line 17.
LaTeX Font Info:    Checking defaults for PD1/pdf/m/n on input line 17.
LaTeX Font Info:    ... okay on input line 17.

("C:/Program Files/MiKTeX 2.9/tex/context/base/supp-pdf.mkii"
[Loading MPS to PDF converter (version 2006.09.02).]
\scratchcounter=\count149
\scratchdimen=\dimen126
\scratchbox=\box28
\nofMPsegments=\count150
\nofMParguments=\count151
\everyMPshowfont=\toks25
\MPscratchCnt=\count152
\MPscratchDim=\dimen127
\MPnumerator=\count153
\makeMPintoPDFobject=\count154
\everyMPtoPDFconversion=\toks26
)
Package caption Info: Begin \AtBeginDocument code.
Package caption Info: subfig package v1.3 is loaded.
Package caption Info: hyperref package is loaded.
Package caption Info: End \AtBeginDocument code.
\AtBeginShipoutBox=\box29
Package hyperref Info: Link coloring ON on input line 17.
 ("C:/Program Files/MiKTeX 2.9/tex/latex/hyperref/nameref.sty"
Package: nameref 2012/10/27 v2.43 Cross-referencing by name of section

("C:/Program Files/MiKTeX 2.9/tex/generic/oberdiek/gettitlestring.sty"
Package: gettitlestring 2010/12/03 v1.4 Cleanup title references (HO)
)
\c@section@level=\count155
)
LaTeX Info: Redefining \ref on input line 17.
LaTeX Info: Redefining \pageref on input line 17.
LaTeX Info: Redefining \nameref on input line 17.

(./dcip2d_manual.out) (./dcip2d_manual.out)
\@outlinefile=\write3

\openout3 = dcip2d_manual.out

<logo.png, id=135, 358.33875pt x 221.82875pt>
File: logo.png Graphic file (type png)
 <use logo.png>
Package pdftex.def Info: logo.png used on input line 18.
(pdftex.def)             Requested size: 175.11182pt x 108.405pt.
 [1

{C:/Users/kdavis/AppData/Local/MiKTeX/2.9/pdftex/config/pdftex.map}<D:/Kris/LaTe
Xfiles/tex/latex/GIFmanual/logo.png>] [2


] (./dcip2d_manual.toc [3


])
\tf@toc=\write4

\openout4 = dcip2d_manual.toc
 [4] (./overview.tex
LaTeX Font Info:    Try loading font information for OMS+cmr on input line 6.

("C:/Program Files/MiKTeX 2.9/tex/latex/base/omscmr.fd"
File: omscmr.fd 2014/09/29 v2.5h Standard LaTeX font definitions
)
LaTeX Font Info:    Font shape `OMS/cmr/m/n' in size <10.95> not available
(Font)              Font shape `OMS/cmsy/m/n' tried instead on input line 6.
Missing character: There is no 𚇧 (U+1A1E7) in font cmr10!
Missing character: There is no 𚆲 (U+1A1B2) in font cmr10!
Missing character: There is no 𚂪 (U+1A0AA) in font cmr10!
Missing character: There is no 𚁔 (U+1A054) in font cmr10!
 [1



]
Underfull \hbox (badness 10000) in paragraph at lines 20--21

 []

[2]

Package hyperref Warning: Token not allowed in a PDF string (PDFDocEncoding):
(hyperref)                removing `\uppercase' on input line 44.


Package hyperref Warning: Token not allowed in a PDF string (PDFDocEncoding):
(hyperref)                removing `\uppercase' on input line 53.

[3]) (./backgroundtheory.tex [4]
<Figures/eta.png, id=236, 275.80592pt x 111.3548pt>
File: Figures/eta.png Graphic file (type png)
 <use Figures/eta.png>
Package pdftex.def Info: Figures/eta.png used on input line 28.
(pdftex.def)             Requested size: 234.8775pt x 94.83212pt.

[5


] [6<./Figures/eta.png>]
Underfull \vbox (badness 2922) has occurred while \output is active []

 [7]
[8] [9] [10]) (./elements.tex [11] [12


]

Package hyperref Warning: Token not allowed in a PDF string (PDFDocEncoding):
(hyperref)                removing `\uppercase' on input line 15.

(./observations.tex [13]
Underfull \vbox (badness 10000) has occurred while \output is active []

 [14]
[15]
Underfull \vbox (badness 10000) has occurred while \output is active []

 [16]
[17] [18]) (./locations.tex [19] [20] [21] [22]) (./mesh2d.tex [23]
Underfull \vbox (badness 2368) has occurred while \output is active []

 [24]
[25]) (./topo2d.tex [26]) (./model2d.tex [27]) (./weights2d.tex [28] [29]))
(./runningtheprograms.tex [30
Missing character: There is no  (U+F061) in font cmr10!
Missing character: There is no  (U+F061) in font cmr10!
Missing character: There is no  (U+F061) in font cmr10!
] [31


] [32] [33] [34] [35]
Overfull \hbox (0.37222pt too wide) in paragraph at lines 216--217
[][][]\OT1/cmtt/m/n/10.95 TRUE[] \OT1/cmr/m/n/10.95 Write all mod-els and pre-d
icted data to disk. Each it-er-a-tion will have []dcinv2d[]xx.con[]
 []

[36]
Overfull \hbox (32.53813pt too wide) in paragraph at lines 274--275
[][][]\OT1/cmr/m/n/10.95 dcinv2d[]iter.pre[] Pre-dicted data for each it-er-a-t
ion ([]iter[] de-fines the it-er-a-tion step) if []\OT1/cmtt/m/n/10.95 STORE[]A
LL[]MODELS
 []

[37] [38] [39]
Overfull \hbox (0.37222pt too wide) in paragraph at lines 391--392
[][][]\OT1/cmtt/m/n/10.95 TRUE[] \OT1/cmr/m/n/10.95 Write all mod-els and pre-d
icted data to disk. Each it-er-a-tion will have []dcinv2d[]xx.con[]
 []

[40] [41]
Overfull \hbox (30.71313pt too wide) in paragraph at lines 450--451
[][][]\OT1/cmr/m/n/10.95 ip-inv2d[]iter.pre[] Pre-dicted data for each it-er-a-
tion ([]iter[] de-fines the it-er-a-tion step) if []\OT1/cmtt/m/n/10.95 STORE[]
ALL[]MODELS
 []

) (./dc2dWorkflow.tex [42]
<Figures/workflow.png, id=622, 381.425pt x 598.235pt>
File: Figures/workflow.png Graphic file (type png)

<use Figures/workflow.png>
Package pdftex.def Info: Figures/workflow.png used on input line 6.
(pdftex.def)             Requested size: 187.89914pt x 294.69865pt.
 [43


<./Figures/workflow.png>] [44]
<Figures/assignError.png, id=635, 941.5175pt x 509.905pt>
File: Figures/assignError.png Graphic file (type png)

<use Figures/assignError.png>
Package pdftex.def Info: Figures/assignError.png used on input line 54.
(pdftex.def)             Requested size: 234.8775pt x 127.20361pt.
 [45<./Figures/assignError.png>]
<Figures/alpha.png, id=650, 801.99625pt x 446.66875pt>
File: Figures/alpha.png Graphic file (type png)
 <use Figures/alpha.png>
Package pdftex.def Info: Figures/alpha.png used on input line 75.
(pdftex.def)             Requested size: 234.8775pt x 130.81195pt.

[46]
File: Figures/alpha.png Graphic file (type png)
 <use Figures/alpha.png>
Package pdftex.def Info: Figures/alpha.png used on input line 99.
(pdftex.def)             Requested size: 234.8775pt x 130.81195pt.

<Figures/convGUI.png, id=664, 696.6025pt x 494.84875pt>
File: Figures/convGUI.png Graphic file (type png)

<use Figures/convGUI.png>
Package pdftex.def Info: Figures/convGUI.png used on input line 110.
(pdftex.def)             Requested size: 234.8775pt x 166.84946pt.
 [47<./Figures/alpha.png>]
<Figures/underOverfit.png, id=680, 580.1675pt x 766.865pt>
File: Figures/underOverfit.png Graphic file (type png)

<use Figures/underOverfit.png>
Package pdftex.def Info: Figures/underOverfit.png used on input line 119.
(pdftex.def)             Requested size: 234.8775pt x 310.46161pt.
 [48<./Figures/convGUI.png>]
<Figures/doi.png, id=690, 908.39375pt x 432.61626pt>
File: Figures/doi.png Graphic file (type png)
 <use Figures/doi.png>
Package pdftex.def Info: Figures/doi.png used on input line 130.
(pdftex.def)             Requested size: 234.8775pt x 111.85706pt.
)
(./examples.tex [49<./Figures/underOverfit.png>] [50<./Figures/doi.png>]
(./fwdexample.tex <Figures/fwdTrue.png, id=705, 383.47346pt x 191.7564pt>
File: Figures/fwdTrue.png Graphic file (type png)

<use Figures/fwdTrue.png>
Package pdftex.def Info: Figures/fwdTrue.png used on input line 6.
(pdftex.def)             Requested size: 234.8775pt x 117.45107pt.

<Figures/fwdMesh.png, id=706, 384.21092pt x 195.129pt>
File: Figures/fwdMesh.png Graphic file (type png)

<use Figures/fwdMesh.png>
Package pdftex.def Info: Figures/fwdMesh.png used on input line 7.
(pdftex.def)             Requested size: 234.8775pt x 119.28754pt.

<Figures/fwdAppRes.png, id=707, 383.47346pt x 157.0668pt>
File: Figures/fwdAppRes.png Graphic file (type png)

<use Figures/fwdAppRes.png>
Package pdftex.def Info: Figures/fwdAppRes.png used on input line 13.
(pdftex.def)             Requested size: 234.8775pt x 96.20364pt.

<Figures/fwdTrueCropped.png, id=708, 383.47346pt x 185.0112pt>
File: Figures/fwdTrueCropped.png Graphic file (type png)

<use Figures/fwdTrueCropped.png>
Package pdftex.def Info: Figures/fwdTrueCropped.png used on input line 14.
(pdftex.def)             Requested size: 234.8775pt x 113.31964pt.

<Figures/fwdTrueCharge.png, id=714, 378.48619pt x 189.3474pt>
File: Figures/fwdTrueCharge.png Graphic file (type png)

<use Figures/fwdTrueCharge.png>
Package pdftex.def Info: Figures/fwdTrueCharge.png used on input line 22.
(pdftex.def)             Requested size: 234.8775pt x 117.50107pt.

<Figures/fwdAppCharge.png, id=715, 379.23123pt x 149.8398pt>
File: Figures/fwdAppCharge.png Graphic file (type png)

<use Figures/fwdAppCharge.png>
Package pdftex.def Info: Figures/fwdAppCharge.png used on input line 23.
(pdftex.def)             Requested size: 234.8775pt x 92.80595pt.
) (./invexample.tex [51


] [52<./Figures/fwdTrue.png><./Figures/fwdMesh.png>] [53<./Figures/fwdAppRes.png
><./Figures/fwdTrueCropped.png><./Figures/fwdTrueCharge.png><./Figures/fwdAppCha
rge.png>]
<Figures/alldefault.png, id=750, 885.3075pt x 360.34625pt>
File: Figures/alldefault.png Graphic file (type png)

<use Figures/alldefault.png>
Package pdftex.def Info: Figures/alldefault.png used on input line 25.
(pdftex.def)             Requested size: 234.8775pt x 95.60126pt.
 [54<./Figures/alldefault.png>]
<Figures/synEx2.png, id=760, 893.3375pt x 358.33875pt>
File: Figures/synEx2.png Graphic file (type png)

<use Figures/synEx2.png>
Package pdftex.def Info: Figures/synEx2.png used on input line 51.
(pdftex.def)             Requested size: 234.8775pt x 94.21022pt.
 [55<./Figures/synEx2.png>]
<Figures/doiInvExample.png, id=778, 891.33pt x 416.55624pt>
File: Figures/doiInvExample.png Graphic file (type png)

<use Figures/doiInvExample.png>
Package pdftex.def Info: Figures/doiInvExample.png used on input line 67.
(pdftex.def)             Requested size: 234.8775pt x 109.76398pt.

<Figures/doiSensInvExample.png, id=784, 500.87125pt x 712.6625pt>
File: Figures/doiSensInvExample.png Graphic file (type png)

<use Figures/doiSensInvExample.png>
Package pdftex.def Info: Figures/doiSensInvExample.png used on input line 76.
(pdftex.def)             Requested size: 234.8775pt x 334.2011pt.

<Figures/synRef.png, id=788, 1115.16624pt x 467.7475pt>
File: Figures/synRef.png Graphic file (type png)

<use Figures/synRef.png>
Package pdftex.def Info: Figures/synRef.png used on input line 86.
(pdftex.def)             Requested size: 234.8775pt x 98.51535pt.
 [56<./Figures/doiInvExample.png>] [57<./Figures/doiSensInvExample.png>] <Figur
es/synWithRef.png, id=803, 774.895pt x 314.17375pt>
File: Figures/synWithRef.png Graphic file (type png)

<use Figures/synWithRef.png>
Package pdftex.def Info: Figures/synWithRef.png used on input line 113.
(pdftex.def)             Requested size: 234.8775pt x 95.226pt.
 [58<./Figures/synRef.png><./Figures/synWithRef.png>] <Figures/synWithRefIn.png
, id=812, 1174.3875pt x 478.78876pt>
File: Figures/synWithRefIn.png Graphic file (type png)

<use Figures/synWithRefIn.png>
Package pdftex.def Info: Figures/synWithRefIn.png used on input line 142.
(pdftex.def)             Requested size: 234.8775pt x 95.75604pt.

<Figures/synOverBurdenTrue.png, id=816, 781.92125pt x 682.55pt>
File: Figures/synOverBurdenTrue.png Graphic file (type png)

<use Figures/synOverBurdenTrue.png>
Package pdftex.def Info: Figures/synOverBurdenTrue.png used on input line 151.
(pdftex.def)             Requested size: 234.8775pt x 205.02695pt.

<Figures/synOverBurden.png, id=817, 815.045pt x 714.67pt>
File: Figures/synOverBurden.png Graphic file (type png)

<use Figures/synOverBurden.png>
Package pdftex.def Info: Figures/synOverBurden.png used on input line 158.
(pdftex.def)             Requested size: 234.8775pt x 205.9513pt.
 [59<./Figures/synWithRefIn.png>] [60<./Figures/synOverBurdenTrue.png><./Figures
/synOverBurden.png>]
<Figures/synAct.png, id=833, 1168.365pt x 480.79625pt>
File: Figures/synAct.png Graphic file (type png)

<use Figures/synAct.png>
Package pdftex.def Info: Figures/synAct.png used on input line 201.
(pdftex.def)             Requested size: 234.8775pt x 96.64908pt.
 [61<./Figures/synAct.png>]
<Figures/synAct2.png, id=842, 1169.36874pt x 468.75125pt>
File: Figures/synAct2.png Graphic file (type png)

<use Figures/synAct2.png>
Package pdftex.def Info: Figures/synAct2.png used on input line 224.
(pdftex.def)             Requested size: 234.8775pt x 94.14912pt.

<Figures/synOverBurdenWght.png, id=846, 711.65875pt x 330.23375pt>
File: Figures/synOverBurdenWght.png Graphic file (type png)

<use Figures/synOverBurdenWght.png>
Package pdftex.def Info: Figures/synOverBurdenWght.png used on input line 254.
(pdftex.def)             Requested size: 234.8775pt x 108.98753pt.
 [62<./Figures/synAct2.png>]
<Figures/huberCont.png, id=855, 797.98125pt x 677.53125pt>
File: Figures/huberCont.png Graphic file (type png)

<use Figures/huberCont.png>
Package pdftex.def Info: Figures/huberCont.png used on input line 264.
(pdftex.def)             Requested size: 234.8775pt x 199.42543pt.

Underfull \vbox (badness 1460) has occurred while \output is active []

 [63<./Figures/synOverBurdenWght.png><./Figures/huberCont.png>]
<Figures/synHuberInv.png, id=864, 582.175pt x 453.695pt>
File: Figures/synHuberInv.png Graphic file (type png)

<use Figures/synHuberInv.png>
Package pdftex.def Info: Figures/synHuberInv.png used on input line 293.
(pdftex.def)             Requested size: 234.8775pt x 183.03934pt.

<Figures/synHuberData.png, id=866, 991.705pt x 710.655pt>
File: Figures/synHuberData.png Graphic file (type png)

<use Figures/synHuberData.png>
Package pdftex.def Info: Figures/synHuberData.png used on input line 302.
(pdftex.def)             Requested size: 234.8775pt x 168.30519pt.

Underfull \vbox (badness 10000) has occurred while \output is active []

 [64<./Figures/synHuberInv.png>] <Figures/synHuber2.png, id=875, 582.175pt x 45
3.695pt>
File: Figures/synHuber2.png Graphic file (type png)

<use Figures/synHuber2.png>
Package pdftex.def Info: Figures/synHuber2.png used on input line 331.
(pdftex.def)             Requested size: 234.8775pt x 183.03934pt.
 [65<./Figures/synHuberData.png>]
<Figures/synIp1.png, id=883, 788.9475pt x 349.305pt>
File: Figures/synIp1.png Graphic file (type png)
 <use Figures/synIp1.png>
Package pdftex.def Info: Figures/synIp1.png used on input line 365.
(pdftex.def)             Requested size: 234.8775pt x 103.98747pt.

[66<./Figures/synHuber2.png>]
<Figures/synIPref.png, id=890, 773.89125pt x 349.305pt>
File: Figures/synIPref.png Graphic file (type png)

<use Figures/synIPref.png>
Package pdftex.def Info: Figures/synIPref.png used on input line 375.
(pdftex.def)             Requested size: 234.8775pt x 106.01286pt.

<Figures/recSynIPref.png, id=892, 955.57pt x 401.5pt>
File: Figures/recSynIPref.png Graphic file (type png)

<use Figures/recSynIPref.png>
Package pdftex.def Info: Figures/recSynIPref.png used on input line 400.
(pdftex.def)             Requested size: 234.8775pt x 98.68387pt.
 [67<./Figures/synIp1.png><./Figures/synIPref.png>]
<Figures/synIPblocky.png, id=904, 955.57pt x 401.5pt>
File: Figures/synIPblocky.png Graphic file (type png)

<use Figures/synIPblocky.png>
Package pdftex.def Info: Figures/synIPblocky.png used on input line 426.
(pdftex.def)             Requested size: 234.8775pt x 98.68387pt.

<Figures/synIPblockDOI.png, id=906, 760.8425pt x 344.28625pt>
File: Figures/synIPblockDOI.png Graphic file (type png)

<use Figures/synIPblockDOI.png>
Package pdftex.def Info: Figures/synIPblockDOI.png used on input line 435.
(pdftex.def)             Requested size: 234.8775pt x 106.28108pt.
 [68<./Figures/recSynIPref.png><./Figures/synIPblocky.png>] <Figures/synIPbore.
png, id=918, 643.40375pt x 719.68875pt>
File: Figures/synIPbore.png Graphic file (type png)

<use Figures/synIPbore.png>
Package pdftex.def Info: Figures/synIPbore.png used on input line 477.
(pdftex.def)             Requested size: 234.8775pt x 262.72264pt.
 [69<./Figures/synIPblockDOI.png>] [70<./Figures/synIPbore.png>] <Figures/synLa
rge.png, id=934, 619.31375pt x 461.725pt>
File: Figures/synLarge.png Graphic file (type png)

<use Figures/synLarge.png>
Package pdftex.def Info: Figures/synLarge.png used on input line 493.
(pdftex.def)             Requested size: 234.8775pt x 175.11209pt.
 [71<./Figures/synLarge.png>]
<Figures/synLargeRec.png, id=944, 389.455pt x 294.09875pt>
File: Figures/synLargeRec.png Graphic file (type png)

<use Figures/synLargeRec.png>
Package pdftex.def Info: Figures/synLargeRec.png used on input line 520.
(pdftex.def)             Requested size: 234.8775pt x 177.3671pt.

<Figures/synLargeMisfit.png, id=946, 390.45876pt x 219.82124pt>
File: Figures/synLargeMisfit.png Graphic file (type png)

<use Figures/synLargeMisfit.png>
Package pdftex.def Info: Figures/synLargeMisfit.png used on input line 529.
(pdftex.def)             Requested size: 234.8775pt x 132.23253pt.
 (./boreholeExample.tex
Underfull \vbox (badness 10000) has occurred while \output is active []

 [72<./Figures/synLargeRec.png>]
<Figures/boreholeSyn.png, id=955, 804.00375pt x 295.1025pt>
File: Figures/boreholeSyn.png Graphic file (type png)

<use Figures/boreholeSyn.png>
Package pdftex.def Info: Figures/boreholeSyn.png used on input line 13.
(pdftex.def)             Requested size: 234.8775pt x 86.20793pt.
 [73<./Figures/synLargeMisfit.png><./Figures/boreholeSyn.png>] <Figures/bSurf.p
ng, id=967, 319.1925pt x 216.81pt>
File: Figures/bSurf.png Graphic file (type png)

<use Figures/bSurf.png>
Package pdftex.def Info: Figures/bSurf.png used on input line 33.
(pdftex.def)             Requested size: 234.8775pt x 159.54034pt.

<Figures/bSchem.png, id=970, 579.16376pt x 241.90375pt>
File: Figures/bSchem.png Graphic file (type png)

<use Figures/bSchem.png>
Package pdftex.def Info: Figures/bSchem.png used on input line 42.
(pdftex.def)             Requested size: 234.8775pt x 98.10335pt.
 <Figures/bCurr.png, id=971, 283.0575pt x 236.885pt>
File: Figures/bCurr.png Graphic file (type png)

<use Figures/bCurr.png>
Package pdftex.def Info: Figures/bCurr.png used on input line 49.
(pdftex.def)             Requested size: 234.8775pt x 196.5675pt.
 <Figures/bAll.png, id=973, 309.155pt x 243.91125pt>
File: Figures/bAll.png Graphic file (type png)

<use Figures/bAll.png>
Package pdftex.def Info: Figures/bAll.png used on input line 58.
(pdftex.def)             Requested size: 234.8775pt x 185.31491pt.
 [74<./Figures/bSurf.png><./Figures/bSchem.png>]
<Figures/bAllWght.png, id=985, 330.23375pt x 242.9075pt>
File: Figures/bAllWght.png Graphic file (type png)

<use Figures/bAllWght.png>
Package pdftex.def Info: Figures/bAllWght.png used on input line 81.
(pdftex.def)             Requested size: 234.8775pt x 172.77315pt.
 [75<./Figures/bCurr.png>] [76<./Figures/bAll.png><./Figures/bAllWght.png>] <Fi
gures/bAllAct.png, id=1002, 317.185pt x 439.6425pt>
File: Figures/bAllAct.png Graphic file (type png)

<use Figures/bAllAct.png>
Package pdftex.def Info: Figures/bAllAct.png used on input line 120.
(pdftex.def)             Requested size: 234.8775pt x 325.56514pt.

<Figures/bAllWghtAct.png, id=1003, 343.2825pt x 222.8325pt>
File: Figures/bAllWghtAct.png Graphic file (type png)

<use Figures/bAllWghtAct.png>
Package pdftex.def Info: Figures/bAllWghtAct.png used on input line 127.
(pdftex.def)             Requested size: 234.8775pt x 152.46252pt.
) (./fieldExample.tex
<Figures/realData.png, id=1007, 453.695pt x 537.00626pt>
File: Figures/realData.png Graphic file (type png)

<use Figures/realData.png>
Package pdftex.def Info: Figures/realData.png used on input line 6.
(pdftex.def)             Requested size: 234.8775pt x 278.00755pt.
 [77] [78<./Figures/bAllAct.png><./Figures/bAllWghtAct.png>] [79<./Figures/realD
ata.png>]
<Figures/realDataRec.png, id=1032, 692.5875pt x 628.3475pt>
File: Figures/realDataRec.png Graphic file (type png)

<use Figures/realDataRec.png>
Package pdftex.def Info: Figures/realDataRec.png used on input line 34.
(pdftex.def)             Requested size: 234.8775pt x 213.08882pt.

<Figures/realIPres.png, id=1037, 759.83875pt x 722.7pt>
File: Figures/realIPres.png Graphic file (type png)

<use Figures/realIPres.png>
Package pdftex.def Info: Figures/realIPres.png used on input line 63.
(pdftex.def)             Requested size: 234.8775pt x 223.39508pt.
 [80<./Figures/realDataRec.png>]
<Figures/realPre1.png, id=1046, 968.61874pt x 655.44875pt>
File: Figures/realPre1.png Graphic file (type png)

<use Figures/realPre1.png>
Package pdftex.def Info: Figures/realPre1.png used on input line 72.
(pdftex.def)             Requested size: 234.8775pt x 158.93112pt.

<Figures/realPre2.png, id=1047, 977.6525pt x 682.55pt>
File: Figures/realPre2.png Graphic file (type png)

<use Figures/realPre2.png>
Package pdftex.def Info: Figures/realPre2.png used on input line 79.
(pdftex.def)             Requested size: 234.8775pt x 163.97157pt.
))) (./dcip2d_manual.bbl [81<./Figures/realIPres.png>]
[82<./Figures/realPre1.png><./Figures/realPre2.png>])
Package atveryend Info: Empty hook `BeforeClearDocument' on input line 42.
 [83


]
Package atveryend Info: Empty hook `AfterLastShipout' on input line 42.
 (./dcip2d_manual.aux)
Package atveryend Info: Executing hook `AtVeryEndDocument' on input line 42.
Package atveryend Info: Executing hook `AtEndAfterFileList' on input line 42.
Package rerunfilecheck Info: File `dcip2d_manual.out' has not changed.
(rerunfilecheck)             Checksum: 660324AE04A7E69AE77CB181D2D62ABE;2268.
)

Here is how much of LuaTeX's memory you used:
 10105 strings out of 494701
 125171,319454 words of node,token memory allocated
 872 words of node memory still in use:
    nodes
   avail lists: 1:1,2:28,3:536,4:2076,5:321,6:4957,7:267,8:30,9:423,10:452
 12631 multiletter control sequences out of 65536+200000
 51 fonts using 2014675 bytes
 51i,11n,85p,2172b,486s stack positions out of 5000i,500n,10000p,200000b,50000s
<<C:/Program Files/MiKTeX 2.9/fonts/type1/public/amsfonts/cm/cmbx10.pfb><<C:/Pro
gram Files/MiKTeX 2.9/fonts/type1/public/amsfonts/cm/cmbx12.pfb><<C:/Program Fil
es/MiKTeX 2.9/fonts/type1/public/amsfonts/cm/cmbxti10.pfb><<C:/Program Files/MiK
TeX 2.9/fonts/type1/public/amsfonts/cm/cmex10.pfb><<C:/Program Files/MiKTeX 2.9/
fonts/type1/public/amsfonts/cm/cmmi10.pfb><<C:/Program Files/MiKTeX 2.9/fonts/ty
pe1/public/amsfonts/cm/cmmi6.pfb><<C:/Program Files/MiKTeX 2.9/fonts/type1/publi
c/amsfonts/cm/cmmi8.pfb><<C:/Program Files/MiKTeX 2.9/fonts/type1/public/amsfont
s/cm/cmr10.pfb><<C:/Program Files/MiKTeX 2.9/fonts/type1/public/amsfonts/cm/cmr1
2.pfb><<C:/Program Files/MiKTeX 2.9/fonts/type1/public/amsfonts/cm/cmr6.pfb><<C:
/Program Files/MiKTeX 2.9/fonts/type1/public/amsfonts/cm/cmr8.pfb><<C:/Program F
iles/MiKTeX 2.9/fonts/type1/public/amsfonts/cm/cmr9.pfb><<C:/Program Files/MiKTe
X 2.9/fonts/type1/public/amsfonts/cm/cmsy10.pfb><<C:/Program Files/MiKTeX 2.9/fo
nts/type1/public/amsfonts/cm/cmsy8.pfb><<C:/Program Files/MiKTeX 2.9/fonts/type1
/public/amsfonts/cm/cmti10.pfb><<C:/Program Files/MiKTeX 2.9/fonts/type1/public/
amsfonts/cm/cmtt10.pfb>
Output written on dcip2d_manual.pdf (87 pages, 6142495 bytes).

PDF statistics: 1129 PDF objects out of 1200 (max. 8388607)
 376 named destinations out of 1000 (max. 131072)
 265 words of extra memory for PDF output out of 10000 (max. 10000000)

